Error: tests failed

Location:
    $DIR/src/lib.rs:LL:CC
error: test failed, to rerun pass `--test ui_tests`

Caused by:
  process didn't exit successfully: `$DIR/target/ui/tests/integrations/basic-fail/debug/deps/ui_tests-HASH` (exit status: 1)
thread '<unnamed>' panicked at $DIR/src/status_emitter.rs:LL:CC:
tests/actual_tests_bless/revisions_filter.rs () not finished
note: run with `RUST_BACKTRACE=1` environment variable to display a backtrace
thread '<unnamed>' panicked at $DIR/src/status_emitter.rs:LL:CC:
tests/actual_tests_bless_yolo/revisions_bad.rs () not finished
Error: tests failed

Location:
    $DIR/src/lib.rs:LL:CC
error: test failed, to rerun pass `--test ui_tests_diff_only`

Caused by:
  process didn't exit successfully: `$DIR/target/ui/tests/integrations/basic-fail/debug/deps/ui_tests_diff_only-HASH` (exit status: 1)
Error: failed to parse rustc version info: invalid_foobarlaksdfalsdfj

Caused by:

Location:
    $DIR/src/config.rs:LL:CC
error: test failed, to rerun pass `--test ui_tests_invalid_program`

Caused by:
  process didn't exit successfully: `$DIR/target/ui/tests/integrations/basic-fail/debug/deps/ui_tests_invalid_program-HASH` (exit status: 1)
Error: tests failed

Location:
    $DIR/src/lib.rs:LL:CC
error: test failed, to rerun pass `--test ui_tests_invalid_program2`

Caused by:
  process didn't exit successfully: `$DIR/target/ui/tests/integrations/basic-fail/debug/deps/ui_tests_invalid_program2-HASH` (exit status: 1)
error: 4 targets failed:
    `--test ui_tests`
    `--test ui_tests_diff_only`
    `--test ui_tests_invalid_program`
    `--test ui_tests_invalid_program2`
